2021-06-06 19:53:39,744  INFO [main] nopcommerce:28 - launching browser
2021-06-06 19:53:39,757  INFO [main] nopcommerce:36 - Opening URL
2021-06-06 19:53:43,418  INFO [main] nopcommerce:47 - providing usernam and password
2021-06-06 19:54:01,152  INFO [main] nopcommerce:135 - providing customer details
2021-06-06 19:54:05,887  INFO [main] nopcommerce:165 - saving data
2021-06-06 19:54:09,490  INFO [main] nopcommerce:174 - validating customer messege
2021-06-06 19:54:11,377  INFO [main] nopcommerce:82 - clicking on logout
2021-06-06 19:54:17,633  INFO [main] nopcommerce:72 - login succesfull
2021-06-06 19:54:20,335  INFO [main] nopcommerce:28 - launching browser
2021-06-06 19:54:20,337  INFO [main] nopcommerce:36 - Opening URL
2021-06-06 19:54:23,945  INFO [main] nopcommerce:47 - providing usernam and password
2021-06-06 19:54:34,688  INFO [main] nopcommerce:192 - searching by email
2021-06-06 19:54:39,466  INFO [main] nopcommerce:28 - launching browser
2021-06-06 19:54:39,468  INFO [main] nopcommerce:36 - Opening URL
2021-06-06 19:54:43,679  INFO [main] nopcommerce:47 - providing usernam and password
2021-06-06 19:54:58,655  INFO [main] nopcommerce:225 - searching by name
2021-06-06 20:19:09,126  INFO [main] nopcommerce:47 - launching browser
2021-06-06 20:19:09,138  INFO [main] nopcommerce:60 - Opening URL
2021-06-06 20:19:37,964  INFO [main] nopcommerce:71 - providing usernam and password
2021-06-06 20:20:05,915  INFO [main] nopcommerce:159 - providing customer details
2021-06-06 20:20:10,680  INFO [main] nopcommerce:189 - saving data
2021-06-06 20:20:12,673  INFO [main] nopcommerce:198 - validating customer messege
2021-06-06 20:20:14,787  INFO [main] nopcommerce:106 - clicking on logout
2021-06-06 20:20:23,249  INFO [main] nopcommerce:96 - login succesfull
2021-06-06 20:20:26,492  INFO [main] nopcommerce:47 - launching browser
2021-06-06 20:20:26,497  INFO [main] nopcommerce:60 - Opening URL
2021-06-06 20:20:30,538  INFO [main] nopcommerce:71 - providing usernam and password
2021-06-06 20:20:43,084  INFO [main] nopcommerce:216 - searching by email
2021-06-06 20:20:48,633  INFO [main] nopcommerce:47 - launching browser
2021-06-06 20:20:48,636  INFO [main] nopcommerce:60 - Opening URL
2021-06-06 20:20:54,041  INFO [main] nopcommerce:71 - providing usernam and password
2021-06-06 20:21:10,674  INFO [main] nopcommerce:249 - searching by name
2021-06-06 20:31:08,578  INFO [main] nopcommerce:47 - launching browser
2021-06-06 20:31:08,590  INFO [main] nopcommerce:60 - Opening URL
2021-06-06 20:31:12,644  INFO [main] nopcommerce:71 - providing usernam and password
2021-06-06 20:31:23,022  INFO [main] nopcommerce:216 - searching by email
2021-06-06 20:31:31,613  INFO [main] nopcommerce:47 - launching browser
2021-06-06 20:31:31,616  INFO [main] nopcommerce:60 - Opening URL
2021-06-06 20:31:37,975  INFO [main] nopcommerce:71 - providing usernam and password
2021-06-06 20:31:54,531  INFO [main] nopcommerce:249 - searching by name
2021-06-06 20:39:21,139  INFO [main] nopcommerce:47 - launching browser
2021-06-06 20:39:21,150  INFO [main] nopcommerce:60 - Opening URL
2021-06-06 20:39:25,338  INFO [main] nopcommerce:71 - providing usernam and password
2021-06-06 20:39:37,835  INFO [main] nopcommerce:216 - searching by email
2021-06-06 20:39:43,362  INFO [main] nopcommerce:47 - launching browser
2021-06-06 20:39:43,365  INFO [main] nopcommerce:60 - Opening URL
2021-06-06 20:39:48,292  INFO [main] nopcommerce:71 - providing usernam and password
2021-06-06 20:40:02,037  INFO [main] nopcommerce:249 - searching by name
2021-06-06 20:58:08,316  INFO [main] nopcommerce:47 - launching browser
2021-06-06 20:58:08,341  INFO [main] nopcommerce:60 - Opening URL
2021-06-06 20:58:12,551  INFO [main] nopcommerce:71 - providing usernam and password
2021-06-06 20:58:24,376  INFO [main] nopcommerce:216 - searching by email
2021-06-06 20:58:31,979  INFO [main] nopcommerce:47 - launching browser
2021-06-06 20:58:31,984  INFO [main] nopcommerce:60 - Opening URL
2021-06-06 20:58:37,880  INFO [main] nopcommerce:71 - providing usernam and password
2021-06-06 20:58:50,574  INFO [main] nopcommerce:249 - searching by name
2021-06-06 21:11:23,587  INFO [main] nopcommerce:47 - launching browser
2021-06-06 21:11:23,753  INFO [main] nopcommerce:60 - Opening URL
2021-06-06 21:11:29,183  INFO [main] nopcommerce:71 - providing usernam and password
2021-06-06 21:11:43,581  INFO [main] nopcommerce:216 - searching by email
2021-06-06 21:12:01,281  INFO [main] nopcommerce:47 - launching browser
2021-06-06 21:12:01,287  INFO [main] nopcommerce:60 - Opening URL
2021-06-06 21:12:04,559  INFO [main] nopcommerce:71 - providing usernam and password
2021-06-06 21:18:08,872  INFO [main] nopcommerce:47 - launching browser
2021-06-06 21:18:08,907  INFO [main] nopcommerce:60 - Opening URL
2021-06-06 21:18:31,327  INFO [main] nopcommerce:71 - providing usernam and password
2021-06-06 21:19:22,360  INFO [main] nopcommerce:216 - searching by email
2021-06-06 21:19:31,662  INFO [main] nopcommerce:47 - launching browser
2021-06-06 21:19:31,665  INFO [main] nopcommerce:60 - Opening URL
2021-06-07 00:25:30,088  INFO [main] nopcommerce:47 - launching browser
2021-06-07 00:25:30,165  INFO [main] nopcommerce:60 - Opening URL
2021-06-07 00:25:34,286  INFO [main] nopcommerce:71 - providing usernam and password
2021-06-07 00:25:46,105  INFO [main] nopcommerce:216 - searching by email
2021-06-07 00:25:52,167  INFO [main] nopcommerce:47 - launching browser
2021-06-07 00:25:52,210  INFO [main] nopcommerce:60 - Opening URL
2021-06-07 00:25:58,394  INFO [main] nopcommerce:71 - providing usernam and password
2021-06-07 00:26:15,182  INFO [main] nopcommerce:249 - searching by name
2021-06-07 00:29:25,026  INFO [main] nopcommerce:47 - launching browser
2021-06-07 00:29:25,043  INFO [main] nopcommerce:60 - Opening URL
2021-06-07 00:29:29,409  INFO [main] nopcommerce:71 - providing usernam and password
2021-06-07 00:29:44,208  INFO [main] nopcommerce:216 - searching by email
2021-06-07 00:29:53,250  INFO [main] nopcommerce:47 - launching browser
2021-06-07 00:29:53,253  INFO [main] nopcommerce:60 - Opening URL
2021-06-07 00:29:58,831  INFO [main] nopcommerce:71 - providing usernam and password
2021-06-07 00:30:14,555  INFO [main] nopcommerce:249 - searching by name
2021-06-07 00:32:19,068  INFO [main] nopcommerce:47 - launching browser
2021-06-07 00:32:19,152  INFO [main] nopcommerce:60 - Opening URL
2021-06-07 00:32:24,782  INFO [main] nopcommerce:71 - providing usernam and password
2021-06-07 00:32:38,110  INFO [main] nopcommerce:216 - searching by email
2021-06-07 00:32:49,781  INFO [main] nopcommerce:47 - launching browser
2021-06-07 00:32:49,784  INFO [main] nopcommerce:60 - Opening URL
2021-06-07 00:32:56,632  INFO [main] nopcommerce:71 - providing usernam and password
2021-06-07 00:33:12,464  INFO [main] nopcommerce:249 - searching by name
2021-06-07 00:34:37,642  INFO [main] nopcommerce:47 - launching browser
2021-06-07 00:34:37,654  INFO [main] nopcommerce:60 - Opening URL
2021-06-07 00:34:42,118  INFO [main] nopcommerce:71 - providing usernam and password
2021-06-07 00:34:53,603  INFO [main] nopcommerce:216 - searching by email
2021-06-07 00:35:05,564  INFO [main] nopcommerce:47 - launching browser
2021-06-07 00:35:05,567  INFO [main] nopcommerce:60 - Opening URL
2021-06-07 00:35:10,356  INFO [main] nopcommerce:71 - providing usernam and password
2021-06-07 00:35:22,525  INFO [main] nopcommerce:249 - searching by name
2021-06-07 00:36:28,941  INFO [main] nopcommerce:47 - launching browser
2021-06-07 00:36:28,954  INFO [main] nopcommerce:60 - Opening URL
2021-06-07 00:36:35,046  INFO [main] nopcommerce:71 - providing usernam and password
2021-06-07 00:36:47,926  INFO [main] nopcommerce:216 - searching by email
2021-06-07 00:37:00,846  INFO [main] nopcommerce:47 - launching browser
2021-06-07 00:37:00,851  INFO [main] nopcommerce:60 - Opening URL
2021-06-07 00:37:10,842  INFO [main] nopcommerce:71 - providing usernam and password
2021-06-07 00:37:24,320  INFO [main] nopcommerce:249 - searching by name
2021-06-07 00:39:30,725  INFO [main] nopcommerce:47 - launching browser
2021-06-07 00:39:30,839  INFO [main] nopcommerce:60 - Opening URL
2021-06-07 00:39:34,090  INFO [main] nopcommerce:71 - providing usernam and password
2021-06-07 00:39:44,655  INFO [main] nopcommerce:216 - searching by email
2021-06-07 00:39:58,357  INFO [main] nopcommerce:47 - launching browser
2021-06-07 00:39:58,361  INFO [main] nopcommerce:60 - Opening URL
2021-06-07 00:40:04,185  INFO [main] nopcommerce:71 - providing usernam and password
2021-06-07 00:40:19,496  INFO [main] nopcommerce:249 - searching by name
2021-06-07 00:42:48,690  INFO [main] nopcommerce:47 - launching browser
2021-06-07 00:42:48,704  INFO [main] nopcommerce:60 - Opening URL
2021-06-07 00:42:54,382  INFO [main] nopcommerce:71 - providing usernam and password
2021-06-07 00:43:07,979  INFO [main] nopcommerce:216 - searching by email
2021-06-07 00:43:20,207  INFO [main] nopcommerce:47 - launching browser
2021-06-07 00:43:20,218  INFO [main] nopcommerce:60 - Opening URL
2021-06-07 00:43:27,079  INFO [main] nopcommerce:71 - providing usernam and password
2021-06-07 00:43:42,859  INFO [main] nopcommerce:250 - searching by name
2021-06-07 00:46:07,987  INFO [main] nopcommerce:47 - launching browser
2021-06-07 00:46:07,997  INFO [main] nopcommerce:60 - Opening URL
2021-06-07 00:46:12,509  INFO [main] nopcommerce:71 - providing usernam and password
2021-06-07 00:46:24,643  INFO [main] nopcommerce:216 - searching by email
2021-06-07 00:46:39,366  INFO [main] nopcommerce:47 - launching browser
2021-06-07 00:46:39,372  INFO [main] nopcommerce:60 - Opening URL
2021-06-07 00:46:44,704  INFO [main] nopcommerce:71 - providing usernam and password
2021-06-07 00:47:01,482  INFO [main] nopcommerce:250 - searching by name
2021-06-07 00:49:25,413  INFO [main] nopcommerce:47 - launching browser
2021-06-07 00:49:25,430  INFO [main] nopcommerce:60 - Opening URL
2021-06-07 00:49:29,707  INFO [main] nopcommerce:71 - providing usernam and password
2021-06-07 00:49:48,619  INFO [main] nopcommerce:218 - searching by email
2021-06-07 00:49:59,316  INFO [main] nopcommerce:47 - launching browser
2021-06-07 00:49:59,321  INFO [main] nopcommerce:60 - Opening URL
2021-06-07 00:50:05,048  INFO [main] nopcommerce:71 - providing usernam and password
2021-06-07 00:50:28,083  INFO [main] nopcommerce:252 - searching by name
2021-06-07 00:50:58,236  INFO [main] nopcommerce:47 - launching browser
2021-06-07 00:50:58,253  INFO [main] nopcommerce:60 - Opening URL
2021-06-07 00:51:03,087  INFO [main] nopcommerce:71 - providing usernam and password
2021-06-07 00:51:20,327  INFO [main] nopcommerce:218 - searching by email
2021-06-07 00:51:38,017  INFO [main] nopcommerce:47 - launching browser
2021-06-07 00:51:38,021  INFO [main] nopcommerce:60 - Opening URL
2021-06-07 15:08:20,018  INFO [main] nopcommerce:47 - launching browser
2021-06-07 15:08:20,116  INFO [main] nopcommerce:60 - Opening URL
2021-06-07 18:07:14,685  INFO [main] nopcommerce:47 - launching browser
2021-06-07 18:07:14,747  INFO [main] nopcommerce:60 - Opening URL
2021-06-07 18:07:18,511  INFO [main] nopcommerce:71 - providing usernam and password
2021-06-07 18:07:36,319  INFO [main] nopcommerce:218 - searching by email
2021-06-07 18:07:50,509  INFO [main] nopcommerce:47 - launching browser
2021-06-07 18:07:50,513  INFO [main] nopcommerce:60 - Opening URL
2021-06-07 18:07:56,332  INFO [main] nopcommerce:71 - providing usernam and password
2021-06-07 18:08:20,387  INFO [main] nopcommerce:252 - searching by name
